2024-07-30 15:03:10 - INFO - read_convergence - 18 - File path specified: Q:\CRR GoLive\Auction_Files\Monthly_Auctions\2024\2024_08_AUG\Results\2024.AUG.Monthly.Auction_PeakWD.log
2024-07-30 15:03:11 - INFO - read_convergence - 30 - File opened successfully
2024-07-30 15:03:11 - INFO - read_convergence - 44 - [1, datetime.datetime(2024, 7, 12, 10, 39, 10), 82, 26, 56, 79, 23, 56, 22, 27, 27, 1157431289681.18]
2024-07-30 15:03:11 - INFO - read_convergence - 44 - [2, datetime.datetime(2024, 7, 12, 11, 19, 11), 18, 0, 18, 96, 22, 74, 32, 27, 20, 1252355498459.09]
2024-07-30 15:03:11 - INFO - read_convergence - 44 - [3, datetime.datetime(2024, 7, 12, 11, 47, 27), 39, 4, 35, 128, 21, 107, 49, 27, 24, 1316523732378.17]
2024-07-30 15:03:11 - INFO - read_convergence - 44 - [4, datetime.datetime(2024, 7, 12, 12, 15, 50), 27, 5, 22, 150, 23, 127, 58, 27, 17, 1341750846921.72]
2024-07-30 15:03:11 - INFO - read_convergence - 44 - [5, datetime.datetime(2024, 7, 12, 12, 43, 4), 36, 3, 33, 177, 25, 152, 77, 27, 24, 1363537309459.24]
2024-07-30 15:03:11 - INFO - read_convergence - 44 - [6, datetime.datetime(2024, 7, 12, 13, 5, 10), 64, 3, 61, 233, 24, 209, 107, 27, 20, 1376018865013.09]
2024-07-30 15:03:11 - INFO - read_convergence - 44 - [7, datetime.datetime(2024, 7, 12, 13, 27, 10), 4, 0, 4, 235, 24, 211, 109, 27, 7, 1376257185724.07]
2024-07-30 15:03:11 - INFO - read_convergence - 44 - [8, datetime.datetime(2024, 7, 12, 13, 27, 23), 0, 0, 0, 235, 24, 211, 109, 27, 0, 1376257185724.07]
2024-07-30 15:03:11 - INFO - read_convergence - 44 - [9, datetime.datetime(2024, 7, 12, 13, 27, 34), 0, 0, 0, 235, 24, 211, 109, 27, 0, 1376257185724.07]
2024-07-30 15:03:11 - INFO - read_convergence - 44 - [10, datetime.datetime(2024, 7, 12, 13, 27, 44), 0, 0, 0, 235, 24, 211, 109, 27, 0, 1376257185724.07]
2024-07-30 15:03:11 - INFO - read_convergence - 44 - [1, datetime.datetime(2024, 7, 12, 14, 27, 2), 963, 963, 0, 596, 596, 0, None, 370289, 73845, 140359199.03]
2024-07-30 15:03:11 - INFO - read_convergence - 44 - [2, datetime.datetime(2024, 7, 12, 15, 30, 23), 727, 51, 676, 632, 272, 360, 248, 370289, 38783, 106497303.94]
2024-07-30 15:03:11 - INFO - read_convergence - 44 - [3, datetime.datetime(2024, 7, 12, 18, 28, 38), 174, 40, 134, 674, 263, 411, 287, 370289, 9057, 102962027.43]
2024-07-30 15:03:11 - INFO - read_convergence - 44 - [4, datetime.datetime(2024, 7, 12, 19, 54, 58), 270, 29, 241, 724, 219, 505, 392, 370289, 10310, 99761628.03]
2024-07-30 15:03:11 - INFO - read_convergence - 44 - [5, datetime.datetime(2024, 7, 12, 21, 54, 12), 194, 32, 162, 765, 207, 558, 434, 370289, 6225, 98380807.42]
2024-07-30 15:03:11 - INFO - read_convergence - 44 - [6, datetime.datetime(2024, 7, 12, 23, 39, 27), 605, 25, 580, 842, 154, 688, 508, 370289, 4013, 98043280.15]
2024-07-30 15:03:11 - INFO - read_convergence - 44 - [7, datetime.datetime(2024, 7, 13, 1, 15, 10), 101, 2, 99, 849, 150, 699, 528, 370289, 1866, 97998079.42]
2024-07-30 15:03:11 - INFO - read_convergence - 44 - [8, datetime.datetime(2024, 7, 13, 1, 57, 28), 8, 0, 8, 852, 149, 703, 533, 370289, 494, 97997985.86]
2024-07-30 15:03:11 - INFO - read_convergence - 44 - [9, datetime.datetime(2024, 7, 13, 2, 23, 6), 2, 0, 2, 852, 149, 703, 534, 370289, 46, 97997985.11]
2024-07-30 15:03:11 - INFO - read_convergence - 44 - [10, datetime.datetime(2024, 7, 13, 2, 48, 53), 5, 3, 2, 855, 151, 704, 534, 370289, 618, 97997985.11]
2024-07-30 15:03:11 - INFO - read_convergence - 44 - [11, datetime.datetime(2024, 7, 13, 3, 13, 57), 0, 0, 0, 855, 151, 704, 534, 370289, 360, 97997985.11]
2024-07-30 15:03:11 - INFO - read_convergence - 44 - [12, datetime.datetime(2024, 7, 13, 3, 15, 31), 0, 0, 0, 855, 151, 704, 534, 370289, 24, 97997985.11]
2024-07-30 15:03:11 - INFO - read_convergence - 63 - Excel file generated successfully
